<?xml version="1.0" encoding="UTF-8"?>
<testsuite xmlns:xsi="http://www.w3.org/2001/XMLSchema-instance" xsi:noNamespaceSchemaLocation="https://maven.apache.org/surefire/maven-surefire-plugin/xsd/surefire-test-report.xsd" version="3.0.2" name="com.tests.repositories.ActorRepositoryTest" time="4.286" tests="3" errors="0" skipped="0" failures="0">
  <properties>
[...]
</properties>
  <testcase name="testAddActor" classname="com.tests.repositories.ActorRepositoryTest" time="0.614">
    <system-out><![CDATA[01:24:58 WARN  [io.qu.hi.or.de.HibernateOrmProcessor] (build-15) Could not find a suitable persistence unit for model classes:
	- io.quarkus.hibernate.orm.panache.PanacheEntity
01:24:58 WARN  [io.qu.hi.or.de.HibernateOrmProcessor] (build-15) Could not find any entities affected to the persistence unit '<default>'.
01:25:04 INFO  [or.hi.jp.in.ut.LogHelper] (main) HHH000204: Processing PersistenceUnitInfo [name: <default>]
01:25:04 INFO  [or.hi.Version] (main) HHH000412: Hibernate ORM core version 6.6.13.Final
01:25:04 WARN  [or.hi.di.Dialect] (main) HHH000511: The 2.3.230 version for [org.hibernate.dialect.MySQLDialect] is no longer supported, hence certain features may not work properly. The minimum supported version is 8.0.0. Check the community dialects project for available legacy versions.
01:25:04 WARN  [or.hi.or.deprecation] (main) HHH90000025: MySQLDialect does not need to be specified explicitly using 'hibernate.dialect' (remove the property setting and it will be selected by default)
01:25:04 INFO  [or.hi.or.co.pooling] (main) HHH10001005: Database info:
	Database JDBC URL [undefined/unknown]
	Database driver: undefined/unknown
	Database version: 2.3.230
	Autocommit mode: undefined/unknown
	Isolation level: <unknown>
	Minimum pool size: undefined/unknown
	Maximum pool size: undefined/unknown
01:25:04 INFO  [or.hi.jp.in.ut.LogHelper] (main) HHH000204: Processing PersistenceUnitInfo [name: db2]
01:25:04 WARN  [or.hi.or.deprecation] (main) HHH90000025: H2Dialect does not need to be specified explicitly using 'hibernate.dialect' (remove the property setting and it will be selected by default)
01:25:04 INFO  [or.hi.or.co.pooling] (main) HHH10001005: Database info:
	Database JDBC URL [undefined/unknown]
	Database driver: undefined/unknown
	Database version: 2.3.230
	Autocommit mode: undefined/unknown
	Isolation level: <unknown>
	Minimum pool size: undefined/unknown
	Maximum pool size: undefined/unknown
01:25:04 INFO  [or.hi.jp.in.ut.LogHelper] (main) HHH000204: Processing PersistenceUnitInfo [name: oracle]
01:25:04 INFO  [or.hi.or.co.pooling] (main) HHH10001005: Database info:
	Database JDBC URL [undefined/unknown]
	Database driver: undefined/unknown
	Database version: 2.3.230
	Autocommit mode: undefined/unknown
	Isolation level: <unknown>
	Minimum pool size: undefined/unknown
	Maximum pool size: undefined/unknown
01:25:05 WARN  [io.qu.config] (main) Unrecognized configuration key "quarkus.hibernate-orm.database.generetion" was provided; it will be ignored; verify that the dependency extension for this configuration is set or that you did not make a typo
01:25:05 WARN  [io.qu.config] (main) Unrecognized configuration key "quarkus.hibernate-orm.db2.database.generetion" was provided; it will be ignored; verify that the dependency extension for this configuration is set or that you did not make a typo
01:25:05 WARN  [io.qu.config] (main) Unrecognized configuration key "quarkus.redis.cluster" was provided; it will be ignored; verify that the dependency extension for this configuration is set or that you did not make a typo
01:25:05 WARN  [io.qu.config] (main) Unrecognized configuration key "quarkus.reids.master-name" was provided; it will be ignored; verify that the dependency extension for this configuration is set or that you did not make a typo
01:25:05 WARN  [io.qu.config] (main) Unrecognized configuration key "quarkus.cache.enabled" was provided; it will be ignored; verify that the dependency extension for this configuration is set or that you did not make a typo
01:25:05 WARN  [io.qu.config] (main) Unrecognized configuration key "quarkus.hibernate-orm.oracle.database.generetion" was provided; it will be ignored; verify that the dependency extension for this configuration is set or that you did not make a typo
01:25:05 WARN  [io.qu.config] (main) Unrecognized configuration key "quarkus.datasource.oracle.jpa.persistence-unit" was provided; it will be ignored; verify that the dependency extension for this configuration is set or that you did not make a typo
01:25:05 WARN  [io.qu.config] (main) Unrecognized configuration key "quarkus.health.openapi.included" was provided; it will be ignored; verify that the dependency extension for this configuration is set or that you did not make a typo
01:25:05 WARN  [io.qu.config] (main) Unrecognized configuration key "quarkus.datasource.db2.jpa.persistence-unit" was provided; it will be ignored; verify that the dependency extension for this configuration is set or that you did not make a typo
2025-05-22 01:25:05.779108-03:00 database: opening mem:test (build 230)
2025-05-22 01:25:05.778284-03:00 database: opening mem:db2 (build 230)
2025-05-22 01:25:05.915222-03:00 lock: 1 exclusive requesting for SYS 
2025-05-22 01:25:05.915640-03:00 lock: 1 exclusive added for SYS 
2025-05-22 01:25:05.918123-03:00 lock: 1 exclusive requesting for SYS 
2025-05-22 01:25:05.918371-03:00 lock: 1 exclusive added for SYS 
2025-05-22 01:25:05.918941-03:00 lock: 1 exclusive unlock SYS 
2025-05-22 01:25:05.918968-03:00 lock: 1 exclusive unlock SYS 
2025-05-22 01:25:05.921735-03:00 lock: 1 exclusive requesting for SYS 
2025-05-22 01:25:05.922063-03:00 lock: 1 exclusive added for SYS 
2025-05-22 01:25:05.921735-03:00 lock: 1 exclusive requesting for SYS 
2025-05-22 01:25:05.922462-03:00 lock: 1 exclusive added for SYS 
2025-05-22 01:25:05.961835-03:00 lock: 1 exclusive unlock SYS 
2025-05-22 01:25:05.962133-03:00 database: opened mem:test
2025-05-22 01:25:05.962488-03:00 lock: 1 exclusive requesting for SYS 
2025-05-22 01:25:05.962659-03:00 lock: 1 exclusive added for SYS 
2025-05-22 01:25:05.963123-03:00 lock: 1 exclusive unlock SYS 
2025-05-22 01:25:05.963293-03:00 database: opened mem:db2
2025-05-22 01:25:05.963558-03:00 lock: 1 exclusive requesting for SYS 
2025-05-22 01:25:05.963766-03:00 lock: 1 exclusive added for SYS 
2025-05-22 01:25:05.965330-03:00 lock: 1 exclusive unlock SYS 
2025-05-22 01:25:05.965619-03:00 database: connecting session #3 to mem:db2
2025-05-22 01:25:05.970147-03:00 lock: 1 exclusive unlock SYS 
2025-05-22 01:25:05.970510-03:00 database: connecting session #3 to mem:test
2025-05-22 01:25:06.180314-03:00 lock: 3 exclusive requesting for SYS 
2025-05-22 01:25:06.180802-03:00 lock: 3 exclusive added for SYS 
2025-05-22 01:25:06.181612-03:00 jdbc[3]: 
/*SQL t:1*/SET DB_CLOSE_DELAY -1;
2025-05-22 01:25:06.182095-03:00 lock: 3 exclusive unlock SYS 
2025-05-22 01:25:06.182547-03:00 jdbc[3]: 
/*SQL */SET TRACE_LEVEL_SYSTEM_OUT 3;
2025-05-22 01:25:06.183446-03:00 jdbc[3]: 
/**/Connection conn0 = DriverManager.getConnection("jdbc:h2:mem:db2;TRACE_LEVEL_SYSTEM_OUT=3;DB_CLOSE_DELAY=-1;MODE=PostgreSQL;", "SA", "");
2025-05-22 01:25:06.185342-03:00 jdbc[3]: 
/**/conn0.setAutoCommit(true);
2025-05-22 01:25:06.185654-03:00 jdbc[3]: 
/**/conn0.getTransactionIsolation();
2025-05-22 01:25:06.187789-03:00 lock: 3 exclusive requesting for SYS 
2025-05-22 01:25:06.188001-03:00 lock: 3 exclusive added for SYS 
2025-05-22 01:25:06.188191-03:00 jdbc[3]: 
/*SQL */SET DB_CLOSE_DELAY -1;
2025-05-22 01:25:06.189350-03:00 lock: 3 exclusive unlock SYS 
2025-05-22 01:25:06.189677-03:00 jdbc[3]: 
/*SQL */SET TRACE_LEVEL_SYSTEM_OUT 3;
2025-05-22 01:25:06.189913-03:00 jdbc[3]: 
/**/Connection conn1 = DriverManager.getConnection("jdbc:h2:mem:test;TRACE_LEVEL_SYSTEM_OUT=3;DB_CLOSE_DELAY=-1;MODE=PostgreSQL;", "SA", "");
2025-05-22 01:25:06.190015-03:00 jdbc[3]: 
/**/conn1.setAutoCommit(true);
2025-05-22 01:25:06.190102-03:00 jdbc[3]: 
/**/conn1.getTransactionIsolation();
2025-05-22 01:25:06.201750-03:00 jdbc[3]: 
/**/DatabaseMetaData dbMeta0 = conn0.getMetaData();
2025-05-22 01:25:06.201750-03:00 jdbc[3]: 
/**/DatabaseMetaData dbMeta1 = conn1.getMetaData();
2025-05-22 01:25:06.206093-03:00 jdbc[3]: 
/**/dbMeta1.getDatabaseProductName();
2025-05-22 01:25:06.206093-03:00 jdbc[3]: 
/**/dbMeta0.getDatabaseProductName();
2025-05-22 01:25:06.206484-03:00 jdbc[3]: 
/**/dbMeta0.getDriverName();
2025-05-22 01:25:06.206484-03:00 jdbc[3]: 
/**/dbMeta1.getDriverName();
2025-05-22 01:25:06.206559-03:00 jdbc[3]: 
/**/dbMeta0.getDriverMajorVersion();
2025-05-22 01:25:06.206559-03:00 jdbc[3]: 
/**/dbMeta1.getDriverMajorVersion();
2025-05-22 01:25:06.206619-03:00 jdbc[3]: 
/**/dbMeta0.getDriverMinorVersion();
2025-05-22 01:25:06.206632-03:00 jdbc[3]: 
/**/dbMeta1.getDriverMinorVersion();
2025-05-22 01:25:06.206667-03:00 jdbc[3]: 
/**/dbMeta0.getSQLKeywords();
2025-05-22 01:25:06.206674-03:00 jdbc[3]: 
/**/dbMeta1.getSQLKeywords();
2025-05-22 01:25:06.207297-03:00 jdbc[3]: 
/**/dbMeta1.storesLowerCaseIdentifiers();
2025-05-22 01:25:06.207297-03:00 jdbc[3]: 
/**/dbMeta0.supportsCatalogsInTableDefinitions();
2025-05-22 01:25:06.207457-03:00 jdbc[3]: 
/**/dbMeta0.supportsSchemasInTableDefinitions();
2025-05-22 01:25:06.207518-03:00 jdbc[3]: 
/**/dbMeta0.storesLowerCaseIdentifiers();
2025-05-22 01:25:06.208343-03:00 jdbc[3]: 
/**/dbMeta1.storesUpperCaseIdentifiers();
2025-05-22 01:25:06.208343-03:00 jdbc[3]: 
/**/dbMeta0.storesUpperCaseIdentifiers();
2025-05-22 01:25:06.208563-03:00 jdbc[3]: 
/**/dbMeta1.storesMixedCaseIdentifiers();
2025-05-22 01:25:06.208563-03:00 jdbc[3]: 
/**/dbMeta0.storesMixedCaseIdentifiers();
2025-05-22 01:25:06.208624-03:00 jdbc[3]: 
/**/dbMeta0.storesUpperCaseIdentifiers();
2025-05-22 01:25:06.208624-03:00 jdbc[3]: 
/**/dbMeta1.storesUpperCaseIdentifiers();
2025-05-22 01:25:06.208676-03:00 jdbc[3]: 
/**/dbMeta0.storesLowerCaseQuotedIdentifiers();
2025-05-22 01:25:06.208686-03:00 jdbc[3]: 
/**/dbMeta1.storesLowerCaseQuotedIdentifiers();
2025-05-22 01:25:06.208724-03:00 jdbc[3]: 
/**/dbMeta0.storesUpperCaseQuotedIdentifiers();
2025-05-22 01:25:06.208729-03:00 jdbc[3]: 
/**/dbMeta1.storesUpperCaseQuotedIdentifiers();
2025-05-22 01:25:06.208771-03:00 jdbc[3]: 
/**/dbMeta1.storesMixedCaseQuotedIdentifiers();
2025-05-22 01:25:06.208770-03:00 jdbc[3]: 
/**/dbMeta0.storesMixedCaseQuotedIdentifiers();
2025-05-22 01:25:06.208859-03:00 jdbc[3]: 
/**/dbMeta0.getConnection();
2025-05-22 01:25:06.208860-03:00 jdbc[3]: 
/**/dbMeta1.getConnection();
2025-05-22 01:25:06.208923-03:00 jdbc[3]: 
/**/conn1.getCatalog();
2025-05-22 01:25:06.208919-03:00 jdbc[3]: 
/**/conn0.getCatalog();
2025-05-22 01:25:06.246195-03:00 jdbc[3]: 
/*SQL #:1 t:2*/CALL DATABASE();
2025-05-22 01:25:06.246704-03:00 jdbc[3]: 
/*SQL #:1 t:3*/CALL DATABASE();
2025-05-22 01:25:06.250847-03:00 jdbc[3]: 
/**/dbMeta0.supportsNamedParameters();
2025-05-22 01:25:06.250847-03:00 jdbc[3]: 
/**/dbMeta1.supportsNamedParameters();
2025-05-22 01:25:06.254345-03:00 jdbc[3]: 
/**/dbMeta0.supportsResultSetType(1004);
2025-05-22 01:25:06.254573-03:00 jdbc[3]: 
/**/dbMeta0.supportsGetGeneratedKeys();
2025-05-22 01:25:06.254636-03:00 jdbc[3]: 
/**/dbMeta0.supportsBatchUpdates();
2025-05-22 01:25:06.254680-03:00 jdbc[3]: 
/**/dbMeta0.dataDefinitionIgnoredInTransactions();
2025-05-22 01:25:06.254730-03:00 jdbc[3]: 
/**/dbMeta0.dataDefinitionCausesTransactionCommit();
2025-05-22 01:25:06.254770-03:00 jdbc[3]: 
/**/dbMeta0.getSQLStateType();
2025-05-22 01:25:06.255904-03:00 jdbc[3]: 
/**/dbMeta0.getConnection();
2025-05-22 01:25:06.256770-03:00 jdbc[3]: 
/**/conn0.getSchema();
2025-05-22 01:25:06.257182-03:00 jdbc[3]: 
/**/conn0.getSchema();
2025-05-22 01:25:06.257356-03:00 jdbc[3]: 
/**/dbMeta0.supportsNamedParameters();
2025-05-22 01:25:06.257565-03:00 jdbc[3]: 
/**/dbMeta0.getCatalogSeparator();
2025-05-22 01:25:06.257639-03:00 jdbc[3]: 
/**/dbMeta0.isCatalogAtStart();
2025-05-22 01:25:06.257690-03:00 jdbc[3]: 
/**/dbMeta0.getConnection();
2025-05-22 01:25:06.257777-03:00 jdbc[3]: 
/**/DatabaseMetaData dbMeta2 = conn0.getMetaData();
2025-05-22 01:25:06.257861-03:00 jdbc[3]: 
/**/dbMeta2.getJDBCMajorVersion();
2025-05-22 01:25:06.257929-03:00 jdbc[3]: 
/**/Clob clob0 = conn0.createClob();
2025-05-22 01:25:06.258874-03:00 jdbc[3]: 
/**/dbMeta1.supportsResultSetType(1004);
2025-05-22 01:25:06.259078-03:00 jdbc[3]: 
/**/dbMeta1.supportsGetGeneratedKeys();
2025-05-22 01:25:06.259128-03:00 jdbc[3]: 
/**/dbMeta1.supportsBatchUpdates();
2025-05-22 01:25:06.259162-03:00 jdbc[3]: 
/**/dbMeta1.dataDefinitionIgnoredInTransactions();
2025-05-22 01:25:06.259199-03:00 jdbc[3]: 
/**/dbMeta1.dataDefinitionCausesTransactionCommit();
2025-05-22 01:25:06.259234-03:00 jdbc[3]: 
/**/dbMeta1.getSQLStateType();
2025-05-22 01:25:06.259291-03:00 jdbc[3]: 
/**/dbMeta1.getConnection();
2025-05-22 01:25:06.259345-03:00 jdbc[3]: 
/**/conn1.getSchema();
2025-05-22 01:25:06.259405-03:00 jdbc[3]: 
/**/conn1.getSchema();
2025-05-22 01:25:06.259448-03:00 jdbc[3]: 
/**/dbMeta1.supportsNamedParameters();
2025-05-22 01:25:06.259544-03:00 jdbc[3]: 
/**/dbMeta1.getCatalogSeparator();
2025-05-22 01:25:06.259596-03:00 jdbc[3]: 
/**/dbMeta1.isCatalogAtStart();
2025-05-22 01:25:06.259633-03:00 jdbc[3]: 
/**/dbMeta1.getConnection();
2025-05-22 01:25:06.259696-03:00 jdbc[3]: 
/**/DatabaseMetaData dbMeta3 = conn1.getMetaData();
2025-05-22 01:25:06.259750-03:00 jdbc[3]: 
/**/dbMeta3.getJDBCMajorVersion();
2025-05-22 01:25:06.259958-03:00 jdbc[3]: 
/**/Clob clob1 = conn1.createClob();
2025-05-22 01:25:06.267006-03:00 jdbc[3]: 
/**/clob1.free();
2025-05-22 01:25:06.267376-03:00 jdbc[3]: 
/**/NClob clob2 = conn1.createNClob();
2025-05-22 01:25:06.267537-03:00 jdbc[3]: 
/**/clob2.free();
2025-05-22 01:25:06.267735-03:00 jdbc[3]: 
/**/conn1.getWarnings();
2025-05-22 01:25:06.268676-03:00 jdbc[3]: 
/**/clob0.free();
2025-05-22 01:25:06.268836-03:00 jdbc[3]: 
/**/NClob clob3 = conn0.createNClob();
2025-05-22 01:25:06.268880-03:00 jdbc[3]: 
/**/clob3.free();
2025-05-22 01:25:06.271578-03:00 jdbc[3]: 
/**/conn0.getWarnings();
01:25:06 INFO  [io.quarkus] (main) multiple-databases-test 1.0.0-SNAPSHOT on JVM (powered by Quarkus 3.22.2) started in 10.926s. Listening on: http://localhost:8081
01:25:06 INFO  [io.quarkus] (main) Profile test activated. 
01:25:06 INFO  [io.quarkus] (main) Installed features: [agroal, cdi, hibernate-orm, hibernate-orm-panache, jacoco, jdbc-db2, jdbc-h2, jdbc-oracle, micrometer, narayana-jta, redis-client, resteasy, resteasy-jsonb, smallrye-context-propagation, smallrye-health, smallrye-openapi, swagger-ui, vertx]
]]></system-out>
  </testcase>
  <testcase name="testCountAllActors" classname="com.tests.repositories.ActorRepositoryTest" time="0.242"/>
  <testcase name="testFindAllActors" classname="com.tests.repositories.ActorRepositoryTest" time="0.035"/>
</testsuite>